2025-12-28T22:59:59.317+0700	INFO	middleware/logging.go:19	Activity route	{"Method": "GET", "URL": "/", "Duration": "82.4293ms"}
2025-12-28T22:59:59.435+0700	INFO	middleware/logging.go:19	Activity route	{"Method": "GET", "URL": "/public/assets/uploads/profile/1766614640306384100_IMG_2624.png", "Duration": "87.7679ms"}
2025-12-28T22:59:59.444+0700	INFO	middleware/logging.go:19	Activity route	{"Method": "GET", "URL": "/public/assets/uploads/projects/1766487435189451300_screencapture-kampunganyar-glagah-id-2025-11-20-23_21_35.png", "Duration": "96.4586ms"}
2025-12-28T23:00:00.657+0700	INFO	middleware/logging.go:19	Activity route	{"Method": "GET", "URL": "/favicon.ico", "Duration": "0s"}
2025-12-28T23:00:10.538+0700	INFO	middleware/logging.go:19	Activity route	{"Method": "GET", "URL": "/admin", "Duration": "0s"}
2025-12-28T23:00:10.544+0700	INFO	middleware/logging.go:19	Activity route	{"Method": "GET", "URL": "/page401", "Duration": "0s"}
2025-12-28T23:00:12.484+0700	INFO	middleware/logging.go:19	Activity route	{"Method": "GET", "URL": "/login", "Duration": "0s"}
2025-12-28T23:00:55.179+0700	INFO	handler/auth.go:74	User logged in	{"email": "alvinramasaputra@portfolio.com"}
2025-12-28T23:00:55.179+0700	INFO	middleware/logging.go:19	Activity route	{"Method": "POST", "URL": "/login", "Duration": "89.2854ms"}
2025-12-28T23:00:55.191+0700	INFO	middleware/logging.go:19	Activity route	{"Method": "GET", "URL": "/admin/dashboard", "Duration": "1.1733ms"}
2025-12-28T23:00:59.514+0700	INFO	middleware/logging.go:19	Activity route	{"Method": "GET", "URL": "/admin/skills", "Duration": "505.4µs"}
2025-12-28T23:01:04.249+0700	INFO	middleware/logging.go:19	Activity route	{"Method": "GET", "URL": "/admin/skills/6/edit", "Duration": "0s"}
2025-12-28T23:01:08.074+0700	INFO	middleware/logging.go:19	Activity route	{"Method": "GET", "URL": "/admin/skills/6/delete", "Duration": "0s"}
2025-12-28T23:06:14.483+0700	INFO	middleware/logging.go:19	Activity route	{"Method": "GET", "URL": "/admin/skills", "Duration": "761µs"}
2025-12-28T23:06:15.681+0700	INFO	middleware/logging.go:19	Activity route	{"Method": "GET", "URL": "/admin/skills/6/edit", "Duration": "0s"}
2025-12-28T23:06:17.310+0700	INFO	middleware/logging.go:19	Activity route	{"Method": "GET", "URL": "/admin/skills/6/edit", "Duration": "0s"}
2025-12-28T23:06:32.856+0700	INFO	middleware/logging.go:19	Activity route	{"Method": "GET", "URL": "/admin/skills", "Duration": "3.7529ms"}
2025-12-28T23:06:34.055+0700	INFO	middleware/logging.go:19	Activity route	{"Method": "GET", "URL": "/admin/skills/edit/6", "Duration": "1.4341ms"}
2025-12-28T23:06:42.691+0700	INFO	middleware/logging.go:19	Activity route	{"Method": "GET", "URL": "/admin/skills/edit/5", "Duration": "504.6µs"}
2025-12-28T23:06:52.469+0700	INFO	middleware/logging.go:19	Activity route	{"Method": "POST", "URL": "/admin/skills/save", "Duration": "17.077ms"}
2025-12-28T23:06:52.473+0700	INFO	middleware/logging.go:19	Activity route	{"Method": "GET", "URL": "/admin/skills?success=saved", "Duration": "504.4µs"}
2025-12-28T23:06:59.786+0700	INFO	middleware/logging.go:19	Activity route	{"Method": "GET", "URL": "/admin/skills/edit/5", "Duration": "503.8µs"}
2025-12-28T23:07:03.095+0700	INFO	middleware/logging.go:19	Activity route	{"Method": "POST", "URL": "/admin/skills/save", "Duration": "935.3µs"}
2025-12-28T23:07:03.102+0700	INFO	middleware/logging.go:19	Activity route	{"Method": "GET", "URL": "/admin/skills?success=saved", "Duration": "504.6µs"}
2025-12-28T23:07:08.202+0700	INFO	middleware/logging.go:19	Activity route	{"Method": "GET", "URL": "/admin/skills/edit/5", "Duration": "599.9µs"}
2025-12-28T23:07:09.522+0700	INFO	middleware/logging.go:19	Activity route	{"Method": "GET", "URL": "/admin/skills", "Duration": "568.1µs"}
2025-12-28T23:07:18.042+0700	INFO	middleware/logging.go:19	Activity route	{"Method": "GET", "URL": "/admin/skills/new", "Duration": "0s"}
2025-12-28T23:07:30.891+0700	INFO	middleware/logging.go:19	Activity route	{"Method": "POST", "URL": "/admin/skills/save", "Duration": "8.0184ms"}
2025-12-28T23:07:30.895+0700	INFO	middleware/logging.go:19	Activity route	{"Method": "GET", "URL": "/admin/skills?success=saved", "Duration": "358.9µs"}
2025-12-28T23:07:34.966+0700	INFO	middleware/logging.go:19	Activity route	{"Method": "POST", "URL": "/admin/skills/delete/8", "Duration": "3.4978ms"}
2025-12-28T23:07:34.971+0700	INFO	middleware/logging.go:19	Activity route	{"Method": "GET", "URL": "/admin/skills?success=deleted", "Duration": "503.3µs"}
2025-12-28T23:07:38.268+0700	INFO	middleware/logging.go:19	Activity route	{"Method": "GET", "URL": "/admin/publications", "Duration": "2.401ms"}
2025-12-28T23:07:40.315+0700	INFO	middleware/logging.go:19	Activity route	{"Method": "GET", "URL": "/admin/publications/edit/1", "Duration": "831.4µs"}
2025-12-28T23:07:43.603+0700	INFO	middleware/logging.go:19	Activity route	{"Method": "GET", "URL": "/admin/publications", "Duration": "504.6µs"}
2025-12-28T23:07:46.199+0700	INFO	middleware/logging.go:19	Activity route	{"Method": "GET", "URL": "/admin/projects", "Duration": "2.4619ms"}
2025-12-28T23:07:50.884+0700	INFO	middleware/logging.go:19	Activity route	{"Method": "GET", "URL": "/admin/experiences", "Duration": "1.8689ms"}
2025-12-28T23:07:51.636+0700	INFO	middleware/logging.go:19	Activity route	{"Method": "GET", "URL": "/admin/profile", "Duration": "3.1549ms"}
2025-12-28T23:07:52.466+0700	INFO	middleware/logging.go:19	Activity route	{"Method": "GET", "URL": "/admin/dashboard", "Duration": "1.1212ms"}
